Connecting to database specified by database.yml
Connecting to database specified by database.yml
Connecting to database specified by database.yml
Connecting to database specified by database.yml
Connecting to database specified by database.yml
  [1m[36m (43.0ms)[0m  [1mCREATE TABLE "schema_migrations" ("version" character varying(255) NOT NULL) [0m
  [1m[35m (2.2ms)[0m   SELECT distinct i.relname, d.indisunique, d.indkey, pg_get_indexdef(d.indexrelid), t.oid
 FROM pg_class t
 INNER JOIN pg_index d ON t.oid = d.indrelid
 INNER JOIN pg_class i ON d.indexrelid = i.oid
 WHERE i.relkind = 'i'
 AND d.indisprimary = 'f'
 AND t.relname = 'schema_migrations'
 AND i.relnamespace IN (SELECT oid FROM pg_namespace WHERE nspname = ANY (current_schemas(false)) )
 ORDER BY i.relname

  [1m[36m (2.1ms)[0m  [1mCREATE UNIQUE INDEX "unique_schema_migrations" ON "schema_migrations" ("version")[0m
  [1m[35m (0.3ms)[0m  SELECT "schema_migrations"."version" FROM "schema_migrations" 
Connecting to database specified by database.yml
  [1m[36m (0.3ms)[0m  [1mSELECT "schema_migrations"."version" FROM "schema_migrations" [0m
Migrating to DeviseCreateUsers (20130413225559)
  [1m[35m (0.1ms)[0m  BEGIN
  [1m[36m (45.9ms)[0m  [1mCREATE TABLE "users" ("id" serial primary key, "email" character varying(255) DEFAULT '' NOT NULL, "encrypted_password" character varying(255) DEFAULT '' NOT NULL, "reset_password_token" character varying(255), "reset_password_sent_at" timestamp, "remember_created_at" timestamp, "sign_in_count" integer DEFAULT 0, "current_sign_in_at" timestamp, "last_sign_in_at" timestamp, "current_sign_in_ip" character varying(255), "last_sign_in_ip" character varying(255), "confirmation_token" character varying(255), "confirmed_at" timestamp, "confirmation_sent_at" timestamp, "unconfirmed_email" character varying(255), "created_at" timestamp NOT NULL, "updated_at" timestamp NOT NULL) [0m
  [1m[35m (1.7ms)[0m   SELECT distinct i.relname, d.indisunique, d.indkey, pg_get_indexdef(d.indexrelid), t.oid
 FROM pg_class t
 INNER JOIN pg_index d ON t.oid = d.indrelid
 INNER JOIN pg_class i ON d.indexrelid = i.oid
 WHERE i.relkind = 'i'
 AND d.indisprimary = 'f'
 AND t.relname = 'users'
 AND i.relnamespace IN (SELECT oid FROM pg_namespace WHERE nspname = ANY (current_schemas(false)) )
 ORDER BY i.relname

  [1m[36m (16.3ms)[0m  [1mCREATE UNIQUE INDEX "index_users_on_email" ON "users" ("email")[0m
  [1m[35m (1.0ms)[0m   SELECT distinct i.relname, d.indisunique, d.indkey, pg_get_indexdef(d.indexrelid), t.oid
 FROM pg_class t
 INNER JOIN pg_index d ON t.oid = d.indrelid
 INNER JOIN pg_class i ON d.indexrelid = i.oid
 WHERE i.relkind = 'i'
 AND d.indisprimary = 'f'
 AND t.relname = 'users'
 AND i.relnamespace IN (SELECT oid FROM pg_namespace WHERE nspname = ANY (current_schemas(false)) )
 ORDER BY i.relname

  [1m[36mColumns for index index_users_on_email on users (0.3ms)[0m  [1m SELECT a.attnum, a.attname
 FROM pg_attribute a
 WHERE a.attrelid = 32957
 AND a.attnum IN (2)
[0m
  [1m[35m (0.9ms)[0m  CREATE UNIQUE INDEX "index_users_on_reset_password_token" ON "users" ("reset_password_token")
  [1m[36m (1.0ms)[0m  [1m SELECT distinct i.relname, d.indisunique, d.indkey, pg_get_indexdef(d.indexrelid), t.oid
 FROM pg_class t
 INNER JOIN pg_index d ON t.oid = d.indrelid
 INNER JOIN pg_class i ON d.indexrelid = i.oid
 WHERE i.relkind = 'i'
 AND d.indisprimary = 'f'
 AND t.relname = 'users'
 AND i.relnamespace IN (SELECT oid FROM pg_namespace WHERE nspname = ANY (current_schemas(false)) )
 ORDER BY i.relname
[0m
  [1m[35mColumns for index index_users_on_email on users (0.2ms)[0m   SELECT a.attnum, a.attname
 FROM pg_attribute a
 WHERE a.attrelid = 32957
 AND a.attnum IN (2)

  [1m[36mColumns for index index_users_on_reset_password_token on users (0.2ms)[0m  [1m SELECT a.attnum, a.attname
 FROM pg_attribute a
 WHERE a.attrelid = 32957
 AND a.attnum IN (4)
[0m
  [1m[35m (0.9ms)[0m  CREATE UNIQUE INDEX "index_users_on_confirmation_token" ON "users" ("confirmation_token")
  [1m[36m (0.3ms)[0m  [1mINSERT INTO "schema_migrations" ("version") VALUES ('20130413225559')[0m
  [1m[35m (0.9ms)[0m  COMMIT
Migrating to CreateSprites (20130414054310)
  [1m[36m (0.3ms)[0m  [1mBEGIN[0m
  [1m[35m (43.5ms)[0m  CREATE TABLE "sprites" ("id" serial primary key, "name" character varying(255), "file" character varying(255), "user_id" integer, "created_at" timestamp NOT NULL, "updated_at" timestamp NOT NULL) 
  [1m[36m (0.2ms)[0m  [1mINSERT INTO "schema_migrations" ("version") VALUES ('20130414054310')[0m
  [1m[35m (0.5ms)[0m  COMMIT
Migrating to CreateImages (20130414054451)
  [1m[36m (0.2ms)[0m  [1mBEGIN[0m
  [1m[35m (43.7ms)[0m  CREATE TABLE "images" ("id" serial primary key, "order" integer, "css_id" character varying(255), "padding" integer, "file" character varying(255), "sprite_id" integer, "created_at" timestamp NOT NULL, "updated_at" timestamp NOT NULL) 
  [1m[36m (0.2ms)[0m  [1mINSERT INTO "schema_migrations" ("version") VALUES ('20130414054451')[0m
  [1m[35m (0.6ms)[0m  COMMIT
  [1m[36m (0.3ms)[0m  [1mSELECT "schema_migrations"."version" FROM "schema_migrations" [0m
  [1m[35mPK and serial sequence (3.8ms)[0m   SELECT attr.attname, seq.relname
 FROM pg_class seq,
 pg_attribute attr,
 pg_depend dep,
 pg_namespace name,
 pg_constraint cons
 WHERE seq.oid = dep.objid
 AND seq.relkind = 'S'
 AND attr.attrelid = dep.refobjid
 AND attr.attnum = dep.refobjsubid
 AND attr.attrelid = cons.conrelid
 AND attr.attnum = cons.conkey[1]
 AND cons.contype = 'p'
 AND dep.refobjid = '"images"'::regclass

  [1m[36m (2.3ms)[0m  [1m SELECT distinct i.relname, d.indisunique, d.indkey, pg_get_indexdef(d.indexrelid), t.oid
 FROM pg_class t
 INNER JOIN pg_index d ON t.oid = d.indrelid
 INNER JOIN pg_class i ON d.indexrelid = i.oid
 WHERE i.relkind = 'i'
 AND d.indisprimary = 'f'
 AND t.relname = 'images'
 AND i.relnamespace IN (SELECT oid FROM pg_namespace WHERE nspname = ANY (current_schemas(false)) )
 ORDER BY i.relname
[0m
  [1m[35mPK and serial sequence (1.2ms)[0m   SELECT attr.attname, seq.relname
 FROM pg_class seq,
 pg_attribute attr,
 pg_depend dep,
 pg_namespace name,
 pg_constraint cons
 WHERE seq.oid = dep.objid
 AND seq.relkind = 'S'
 AND attr.attrelid = dep.refobjid
 AND attr.attnum = dep.refobjsubid
 AND attr.attrelid = cons.conrelid
 AND attr.attnum = cons.conkey[1]
 AND cons.contype = 'p'
 AND dep.refobjid = '"sprites"'::regclass

  [1m[36m (0.8ms)[0m  [1m SELECT distinct i.relname, d.indisunique, d.indkey, pg_get_indexdef(d.indexrelid), t.oid
 FROM pg_class t
 INNER JOIN pg_index d ON t.oid = d.indrelid
 INNER JOIN pg_class i ON d.indexrelid = i.oid
 WHERE i.relkind = 'i'
 AND d.indisprimary = 'f'
 AND t.relname = 'sprites'
 AND i.relnamespace IN (SELECT oid FROM pg_namespace WHERE nspname = ANY (current_schemas(false)) )
 ORDER BY i.relname
[0m
  [1m[35mPK and serial sequence (1.2ms)[0m   SELECT attr.attname, seq.relname
 FROM pg_class seq,
 pg_attribute attr,
 pg_depend dep,
 pg_namespace name,
 pg_constraint cons
 WHERE seq.oid = dep.objid
 AND seq.relkind = 'S'
 AND attr.attrelid = dep.refobjid
 AND attr.attnum = dep.refobjsubid
 AND attr.attrelid = cons.conrelid
 AND attr.attnum = cons.conkey[1]
 AND cons.contype = 'p'
 AND dep.refobjid = '"users"'::regclass

  [1m[36m (1.1ms)[0m  [1m SELECT distinct i.relname, d.indisunique, d.indkey, pg_get_indexdef(d.indexrelid), t.oid
 FROM pg_class t
 INNER JOIN pg_index d ON t.oid = d.indrelid
 INNER JOIN pg_class i ON d.indexrelid = i.oid
 WHERE i.relkind = 'i'
 AND d.indisprimary = 'f'
 AND t.relname = 'users'
 AND i.relnamespace IN (SELECT oid FROM pg_namespace WHERE nspname = ANY (current_schemas(false)) )
 ORDER BY i.relname
[0m
  [1m[35mColumns for index index_users_on_confirmation_token on users (0.3ms)[0m   SELECT a.attnum, a.attname
 FROM pg_attribute a
 WHERE a.attrelid = 32957
 AND a.attnum IN (12)

  [1m[36mColumns for index index_users_on_email on users (0.3ms)[0m  [1m SELECT a.attnum, a.attname
 FROM pg_attribute a
 WHERE a.attrelid = 32957
 AND a.attnum IN (2)
[0m
  [1m[35mColumns for index index_users_on_reset_password_token on users (0.3ms)[0m   SELECT a.attnum, a.attname
 FROM pg_attribute a
 WHERE a.attrelid = 32957
 AND a.attnum IN (4)

Connecting to database specified by database.yml


Started GET "/" for 127.0.0.1 at 2019-04-06 08:54:57 -0700
Processing by SpritesController#index as HTML
Filter chain halted as :authenticate rendered or redirected
Completed 401 Unauthorized in 0ms (ActiveRecord: 0.0ms)


Started GET "/" for 127.0.0.1 at 2019-04-06 08:55:01 -0700
Processing by SpritesController#index as HTML
  Rendered sprites/_subhead.html.erb (0.4ms)
  Rendered sprites/index.html.erb within layouts/application (6.4ms)
Compiled application.css  (0ms)  (pid 7630)
Compiled application.js  (0ms)  (pid 7630)
Completed 200 OK in 177ms (Views: 176.9ms | ActiveRecord: 0.0ms)


Started GET "/users/sign_in" for 127.0.0.1 at 2019-04-06 08:55:09 -0700
Processing by Devise::SessionsController#new as HTML
  Rendered devise/shared/_links.erb (0.8ms)
  Rendered devise/sessions/new.html.erb within layouts/application (58.3ms)
Completed 200 OK in 117ms (Views: 73.9ms | ActiveRecord: 8.6ms)


Started GET "/users/sign_up" for 127.0.0.1 at 2019-04-06 08:55:16 -0700
Processing by Devise::RegistrationsController#new as HTML
  Rendered devise/registrations/new.html.erb within layouts/application (2.4ms)
Completed 200 OK in 22ms (Views: 21.6ms | ActiveRecord: 0.0ms)


Started POST "/users" for 127.0.0.1 at 2019-04-06 08:55:24 -0700
Processing by Devise::RegistrationsController#create as HTML
  Parameters: {"utf8"=>"✓", "authenticity_token"=>"/pNkCqPFkwt4qyQOGfJnzMSrdzOcNDu5fN+EcZK6LHY=", "user"=>{"email"=>"awtzou@gmail.com", "password"=>"[FILTERED]", "password_confirmation"=>"[FILTERED]"}, "commit"=>"Sign up"}
  [1m[36m (0.1ms)[0m  [1mBEGIN[0m
  [1m[35mUser Exists (1.3ms)[0m  SELECT 1 AS one FROM "users" WHERE "users"."email" = 'awtzou@gmail.com' LIMIT 1
  [1m[36mUser Load (0.4ms)[0m  [1mSELECT "users".* FROM "users" WHERE "users"."confirmation_token" = 'UWxhgiz7wsTLJVpYN8tq' LIMIT 1[0m
  [1m[35m (0.1ms)[0m  ROLLBACK
Completed 500 Internal Server Error in 139ms

NoMethodError (undefined method `to_datetime' for false:FalseClass):
  activesupport (3.2.8) lib/active_support/core_ext/date_time/calculations.rb:141:in `<=>'
  activesupport (3.2.8) lib/active_support/core_ext/time/calculations.rb:346:in `compare_with_coercion'
  activesupport (3.2.8) lib/active_support/callbacks.rb:408:in `=='
  activesupport (3.2.8) lib/active_support/callbacks.rb:408:in `_run__4526132077813931605__create__2276837130488174368__callbacks'
  activesupport (3.2.8) lib/active_support/callbacks.rb:405:in `__run_callback'
  activesupport (3.2.8) lib/active_support/callbacks.rb:385:in `_run_create_callbacks'
  activesupport (3.2.8) lib/active_support/callbacks.rb:81:in `run_callbacks'
  activerecord (3.2.8) lib/active_record/callbacks.rb:268:in `create'
  activerecord (3.2.8) lib/active_record/persistence.rb:347:in `create_or_update'
  activerecord (3.2.8) lib/active_record/callbacks.rb:264:in `block in create_or_update'
  activesupport (3.2.8) lib/active_support/callbacks.rb:414:in `_run__4526132077813931605__save__2276837130488174368__callbacks'
  activesupport (3.2.8) lib/active_support/callbacks.rb:405:in `__run_callback'
  activesupport (3.2.8) lib/active_support/callbacks.rb:385:in `_run_save_callbacks'
  activesupport (3.2.8) lib/active_support/callbacks.rb:81:in `run_callbacks'
  activerecord (3.2.8) lib/active_record/callbacks.rb:264:in `create_or_update'
  activerecord (3.2.8) lib/active_record/persistence.rb:84:in `save'
  activerecord (3.2.8) lib/active_record/validations.rb:50:in `save'
  activerecord (3.2.8) lib/active_record/attribute_methods/dirty.rb:22:in `save'
  activerecord (3.2.8) lib/active_record/transactions.rb:241:in `block (2 levels) in save'
  activerecord (3.2.8) lib/active_record/transactions.rb:295:in `block in with_transaction_returning_status'
  activerecord (3.2.8) lib/active_record/connection_adapters/abstract/database_statements.rb:192:in `transaction'
  activerecord (3.2.8) lib/active_record/transactions.rb:208:in `transaction'
  activerecord (3.2.8) lib/active_record/transactions.rb:293:in `with_transaction_returning_status'
  activerecord (3.2.8) lib/active_record/transactions.rb:241:in `block in save'
  activerecord (3.2.8) lib/active_record/transactions.rb:252:in `rollback_active_record_state!'
  activerecord (3.2.8) lib/active_record/transactions.rb:240:in `save'
  devise (2.2.3) app/controllers/devise/registrations_controller.rb:15:in `create'
  actionpack (3.2.8) lib/action_controller/metal/implicit_render.rb:4:in `send_action'
  actionpack (3.2.8) lib/abstract_controller/base.rb:167:in `process_action'
  actionpack (3.2.8) lib/action_controller/metal/rendering.rb:10:in `process_action'
  actionpack (3.2.8) lib/abstract_controller/callbacks.rb:18:in `block in process_action'
  activesupport (3.2.8) lib/active_support/callbacks.rb:447:in `_run__2725957655899640040__process_action__4002892921141227631__callbacks'
  activesupport (3.2.8) lib/active_support/callbacks.rb:405:in `__run_callback'
  activesupport (3.2.8) lib/active_support/callbacks.rb:385:in `_run_process_action_callbacks'
  activesupport (3.2.8) lib/active_support/callbacks.rb:81:in `run_callbacks'
  actionpack (3.2.8) lib/abstract_controller/callbacks.rb:17:in `process_action'
  actionpack (3.2.8) lib/action_controller/metal/rescue.rb:29:in `process_action'
  actionpack (3.2.8) lib/action_controller/metal/instrumentation.rb:30:in `block in process_action'
  activesupport (3.2.8) lib/active_support/notifications.rb:123:in `block in instrument'
  activesupport (3.2.8) lib/active_support/notifications/instrumenter.rb:20:in `instrument'
  activesupport (3.2.8) lib/active_support/notifications.rb:123:in `instrument'
  actionpack (3.2.8) lib/action_controller/metal/instrumentation.rb:29:in `process_action'
  actionpack (3.2.8) lib/action_controller/metal/params_wrapper.rb:207:in `process_action'
  activerecord (3.2.8) lib/active_record/railties/controller_runtime.rb:18:in `process_action'
  actionpack (3.2.8) lib/abstract_controller/base.rb:121:in `process'
  actionpack (3.2.8) lib/abstract_controller/rendering.rb:45:in `process'
  actionpack (3.2.8) lib/action_controller/metal.rb:203:in `dispatch'
  actionpack (3.2.8) lib/action_controller/metal/rack_delegation.rb:14:in `dispatch'
  actionpack (3.2.8) lib/action_controller/metal.rb:246:in `block in action'
  actionpack (3.2.8) lib/action_dispatch/routing/route_set.rb:73:in `dispatch'
  actionpack (3.2.8) lib/action_dispatch/routing/route_set.rb:36:in `call'
  actionpack (3.2.8) lib/action_dispatch/routing/mapper.rb:42:in `call'
  journey (1.0.4) lib/journey/router.rb:68:in `block in call'
  journey (1.0.4) lib/journey/router.rb:56:in `each'
  journey (1.0.4) lib/journey/router.rb:56:in `call'
  actionpack (3.2.8) lib/action_dispatch/routing/route_set.rb:600:in `call'
  warden (1.2.1) lib/warden/manager.rb:35:in `block in call'
  warden (1.2.1) lib/warden/manager.rb:34:in `catch'
  warden (1.2.1) lib/warden/manager.rb:34:in `call'
  actionpack (3.2.8) lib/action_dispatch/middleware/best_standards_support.rb:17:in `call'
  rack (1.4.5) lib/rack/etag.rb:23:in `call'
  rack (1.4.5) lib/rack/conditionalget.rb:35:in `call'
  actionpack (3.2.8) lib/action_dispatch/middleware/head.rb:14:in `call'
  actionpack (3.2.8) lib/action_dispatch/middleware/params_parser.rb:21:in `call'
  actionpack (3.2.8) lib/action_dispatch/middleware/flash.rb:242:in `call'
  rack (1.4.5) lib/rack/session/abstract/id.rb:210:in `context'
  rack (1.4.5) lib/rack/session/abstract/id.rb:205:in `call'
  actionpack (3.2.8) lib/action_dispatch/middleware/cookies.rb:339:in `call'
  activerecord (3.2.8) lib/active_record/query_cache.rb:64:in `call'
  activerecord (3.2.8) lib/active_record/connection_adapters/abstract/connection_pool.rb:473:in `call'
  actionpack (3.2.8) lib/action_dispatch/middleware/callbacks.rb:28:in `block in call'
  activesupport (3.2.8) lib/active_support/callbacks.rb:405:in `_run__859045225997847075__call__2276837130488174368__callbacks'
  activesupport (3.2.8) lib/active_support/callbacks.rb:405:in `__run_callback'
  activesupport (3.2.8) lib/active_support/callbacks.rb:385:in `_run_call_callbacks'
  activesupport (3.2.8) lib/active_support/callbacks.rb:81:in `run_callbacks'
  actionpack (3.2.8) lib/action_dispatch/middleware/callbacks.rb:27:in `call'
  actionpack (3.2.8) lib/action_dispatch/middleware/reloader.rb:65:in `call'
  actionpack (3.2.8) lib/action_dispatch/middleware/remote_ip.rb:31:in `call'
  actionpack (3.2.8) lib/action_dispatch/middleware/debug_exceptions.rb:16:in `call'
  actionpack (3.2.8) lib/action_dispatch/middleware/show_exceptions.rb:56:in `call'
  railties (3.2.8) lib/rails/rack/logger.rb:26:in `call_app'
  railties (3.2.8) lib/rails/rack/logger.rb:16:in `call'
  actionpack (3.2.8) lib/action_dispatch/middleware/request_id.rb:22:in `call'
  rack (1.4.5) lib/rack/methodoverride.rb:21:in `call'
  rack (1.4.5) lib/rack/runtime.rb:17:in `call'
  activesupport (3.2.8) lib/active_support/cache/strategy/local_cache.rb:72:in `call'
  rack (1.4.5) lib/rack/lock.rb:15:in `call'
  actionpack (3.2.8) lib/action_dispatch/middleware/static.rb:62:in `call'
  railties (3.2.8) lib/rails/engine.rb:479:in `call'
  railties (3.2.8) lib/rails/application.rb:223:in `call'
  rack (1.4.5) lib/rack/content_length.rb:14:in `call'
  railties (3.2.8) lib/rails/rack/log_tailer.rb:17:in `call'
  rack (1.4.5) lib/rack/handler/webrick.rb:59:in `service'
  /Users/alicetzou/.rvm/rubies/ruby-2.3.1/lib/ruby/2.3.0/webrick/httpserver.rb:140:in `service'
  /Users/alicetzou/.rvm/rubies/ruby-2.3.1/lib/ruby/2.3.0/webrick/httpserver.rb:96:in `run'
  /Users/alicetzou/.rvm/rubies/ruby-2.3.1/lib/ruby/2.3.0/webrick/server.rb:296:in `block in start_thread'


  Rendered /Users/alicetzou/.rvm/gems/ruby-2.3.1/gems/actionpack-3.2.8/lib/action_dispatch/middleware/templates/rescues/_trace.erb (1.1ms)
  Rendered /Users/alicetzou/.rvm/gems/ruby-2.3.1/gems/actionpack-3.2.8/lib/action_dispatch/middleware/templates/rescues/_request_and_response.erb (1.0ms)
  Rendered /Users/alicetzou/.rvm/gems/ruby-2.3.1/gems/actionpack-3.2.8/lib/action_dispatch/middleware/templates/rescues/diagnostics.erb within rescues/layout (35.9ms)
Connecting to database specified by database.yml
Connecting to database specified by database.yml
Connecting to database specified by database.yml
Connecting to database specified by database.yml
Connecting to database specified by database.yml
Connecting to database specified by database.yml
  [1m[36m (0.4ms)[0m  [1mSELECT "schema_migrations"."version" FROM "schema_migrations" [0m
Migrating to DeviseCreateUsers (20130413225559)
Migrating to CreateSprites (20130414054310)
Migrating to CreateImages (20130414054451)
  [1m[35m (0.2ms)[0m  SELECT "schema_migrations"."version" FROM "schema_migrations" 
Connecting to database specified by database.yml


Started GET "/" for 127.0.0.1 at 2019-04-06 09:04:04 -0700
Processing by SpritesController#index as HTML
  Rendered sprites/_subhead.html.erb (0.6ms)
  Rendered sprites/index.html.erb within layouts/application (6.6ms)
Compiled normalize.css  (0ms)  (pid 12047)
Compiled bootstrap.css  (0ms)  (pid 12047)
Compiled home.css  (1ms)  (pid 12047)
Compiled application.css  (65ms)  (pid 12047)
Compiled jquery.js  (4ms)  (pid 12047)
Compiled jquery_ujs.js  (0ms)  (pid 12047)
Compiled application.js  (14ms)  (pid 12047)
Completed 200 OK in 119.3ms (Views: 118.6ms | ActiveRecord: 0.0ms)


Started GET "/assets/normalize.css?body=1" for 127.0.0.1 at 2019-04-06 09:04:05 -0700
Served asset /normalize.css - 200 OK (3ms)


Started GET "/assets/bootstrap.css?body=1" for 127.0.0.1 at 2019-04-06 09:04:05 -0700
Served asset /bootstrap.css - 200 OK (30ms)


Started GET "/assets/home.css?body=1" for 127.0.0.1 at 2019-04-06 09:04:05 -0700
Served asset /home.css - 200 OK (2ms)


Started GET "/users/sign_up" for 127.0.0.1 at 2019-04-06 09:04:07 -0700
Processing by Devise::RegistrationsController#new as HTML
  Rendered devise/registrations/new.html.erb within layouts/application (10.1ms)
Completed 200 OK in 57.3ms (Views: 20.1ms | ActiveRecord: 7.1ms)


Started POST "/users" for 127.0.0.1 at 2019-04-06 09:04:15 -0700
Processing by Devise::RegistrationsController#create as HTML
  Parameters: {"utf8"=>"✓", "authenticity_token"=>"/pNkCqPFkwt4qyQOGfJnzMSrdzOcNDu5fN+EcZK6LHY=", "user"=>{"email"=>"awtzou@gmail.com", "password"=>"[FILTERED]", "password_confirmation"=>"[FILTERED]"}, "commit"=>"Sign up"}
  [1m[36m (0.1ms)[0m  [1mBEGIN[0m
  [1m[35mUser Exists (1.2ms)[0m  SELECT 1 AS one FROM "users" WHERE "users"."email" = 'awtzou@gmail.com' LIMIT 1
  [1m[36mUser Load (0.4ms)[0m  [1mSELECT "users".* FROM "users" WHERE "users"."confirmation_token" = '5bdb3bae26c2ba056a598c5cf3cf46582bfceacfefc2c76f43fc838601bd7ef6' LIMIT 1[0m
  [1m[35mSQL (2.2ms)[0m  INSERT INTO "users" ("confirmation_sent_at", "confirmation_token", "confirmed_at", "created_at", "current_sign_in_at", "current_sign_in_ip", "email", "encrypted_password", "last_sign_in_at", "last_sign_in_ip", "remember_created_at", "reset_password_sent_at", "reset_password_token", "sign_in_count", "unconfirmed_email", "updated_at") VALUES ($1, $2, $3, $4, $5, $6, $7, $8, $9, $10, $11, $12, $13, $14, $15, $16) RETURNING "id"  [["confirmation_sent_at", Sat, 06 Apr 2019 16:04:15 UTC +00:00], ["confirmation_token", "ss4xAnRrMgzRi-WK66yU"], ["confirmed_at", nil], ["created_at", Sat, 06 Apr 2019 16:04:15 UTC +00:00], ["current_sign_in_at", nil], ["current_sign_in_ip", nil], ["email", "awtzou@gmail.com"], ["encrypted_password", "$2a$10$6/covCILn.y2z/XG77i2XOLEEo5kued4xyVOx8XeVn95N6wVdjxkO"], ["last_sign_in_at", nil], ["last_sign_in_ip", nil], ["remember_created_at", nil], ["reset_password_sent_at", nil], ["reset_password_token", nil], ["sign_in_count", 0], ["unconfirmed_email", nil], ["updated_at", Sat, 06 Apr 2019 16:04:15 UTC +00:00]]
  Rendered devise/mailer/confirmation_instructions.html.erb (0.6ms)

Sent mail to awtzou@gmail.com (463.3ms)
Date: Sat, 06 Apr 2019 09:04:16 -0700
From: no-reply@mail.com
Reply-To: no-reply@mail.com
To: awtzou@gmail.com
Message-ID: <5ca8ce002326f_2f0f3ff829b301441141f@Alices-iMac.local.mail>
Subject: Confirmation instructions
Mime-Version: 1.0
Content-Type: text/html;
 charset=UTF-8
Content-Transfer-Encoding: 7bit

<p>Welcome awtzou@gmail.com!</p>

<p>You can confirm your account email through the link below:</p>

<p><a href="http://localhost:3000/users/confirmation?confirmation_token=ss4xAnRrMgzRi-WK66yU">Confirm my account</a></p>

  [1m[36m (0.2ms)[0m  [1mROLLBACK[0m
Completed 500 Internal Server Error in 1153.3ms

Net::SMTPAuthenticationError (535-5.7.8 Username and Password not accepted. Learn more at
):
  /Users/alicetzou/.rvm/rubies/ruby-2.3.1/lib/ruby/2.3.0/net/smtp.rb:977:in `check_auth_response'
  /Users/alicetzou/.rvm/rubies/ruby-2.3.1/lib/ruby/2.3.0/net/smtp.rb:741:in `auth_plain'
  /Users/alicetzou/.rvm/rubies/ruby-2.3.1/lib/ruby/2.3.0/net/smtp.rb:733:in `authenticate'
  /Users/alicetzou/.rvm/rubies/ruby-2.3.1/lib/ruby/2.3.0/net/smtp.rb:568:in `do_start'
  /Users/alicetzou/.rvm/rubies/ruby-2.3.1/lib/ruby/2.3.0/net/smtp.rb:521:in `start'
  mail (2.5.5) lib/mail/network/delivery_methods/smtp.rb:110:in `deliver!'
  mail (2.5.5) lib/mail/message.rb:2129:in `do_delivery'
  mail (2.5.5) lib/mail/message.rb:232:in `block in deliver'
  actionmailer (3.2.22) lib/action_mailer/base.rb:415:in `block in deliver_mail'
  activesupport (3.2.22) lib/active_support/notifications.rb:123:in `block in instrument'
  activesupport (3.2.22) lib/active_support/notifications/instrumenter.rb:20:in `instrument'
  activesupport (3.2.22) lib/active_support/notifications.rb:123:in `instrument'
  actionmailer (3.2.22) lib/action_mailer/base.rb:413:in `deliver_mail'
  mail (2.5.5) lib/mail/message.rb:232:in `deliver'
  devise (3.5.10) lib/devise/models/authenticatable.rb:172:in `send_devise_notification'
  devise (3.5.10) lib/devise/models/confirmable.rb:116:in `send_confirmation_instructions'
  devise (3.5.10) lib/devise/models/confirmable.rb:172:in `send_on_create_confirmation_instructions'
  activesupport (3.2.22) lib/active_support/callbacks.rb:416:in `_run__2964990130977804458__create__2299270449598614857__callbacks'
  activesupport (3.2.22) lib/active_support/callbacks.rb:405:in `__run_callback'
  activesupport (3.2.22) lib/active_support/callbacks.rb:385:in `_run_create_callbacks'
  activesupport (3.2.22) lib/active_support/callbacks.rb:81:in `run_callbacks'
  activerecord (3.2.22) lib/active_record/callbacks.rb:268:in `create'
  activerecord (3.2.22) lib/active_record/persistence.rb:348:in `create_or_update'
  activerecord (3.2.22) lib/active_record/callbacks.rb:264:in `block in create_or_update'
  activesupport (3.2.22) lib/active_support/callbacks.rb:414:in `_run__2964990130977804458__save__2299270449598614857__callbacks'
  activesupport (3.2.22) lib/active_support/callbacks.rb:405:in `__run_callback'
  activesupport (3.2.22) lib/active_support/callbacks.rb:385:in `_run_save_callbacks'
  activesupport (3.2.22) lib/active_support/callbacks.rb:81:in `run_callbacks'
  activerecord (3.2.22) lib/active_record/callbacks.rb:264:in `create_or_update'
  activerecord (3.2.22) lib/active_record/persistence.rb:84:in `save'
  activerecord (3.2.22) lib/active_record/validations.rb:50:in `save'
  activerecord (3.2.22) lib/active_record/attribute_methods/dirty.rb:22:in `save'
  activerecord (3.2.22) lib/active_record/transactions.rb:259:in `block (2 levels) in save'
  activerecord (3.2.22) lib/active_record/transactions.rb:313:in `block in with_transaction_returning_status'
  activerecord (3.2.22) lib/active_record/connection_adapters/abstract/database_statements.rb:192:in `transaction'
  activerecord (3.2.22) lib/active_record/transactions.rb:208:in `transaction'
  activerecord (3.2.22) lib/active_record/transactions.rb:311:in `with_transaction_returning_status'
  activerecord (3.2.22) lib/active_record/transactions.rb:259:in `block in save'
  activerecord (3.2.22) lib/active_record/transactions.rb:270:in `rollback_active_record_state!'
  activerecord (3.2.22) lib/active_record/transactions.rb:258:in `save'
  devise (3.5.10) app/controllers/devise/registrations_controller.rb:17:in `create'
  actionpack (3.2.22) lib/action_controller/metal/implicit_render.rb:4:in `send_action'
  actionpack (3.2.22) lib/abstract_controller/base.rb:167:in `process_action'
  actionpack (3.2.22) lib/action_controller/metal/rendering.rb:10:in `process_action'
  actionpack (3.2.22) lib/abstract_controller/callbacks.rb:18:in `block in process_action'
  activesupport (3.2.22) lib/active_support/callbacks.rb:447:in `_run__2398025765081822079__process_action__18273774359810368__callbacks'
  activesupport (3.2.22) lib/active_support/callbacks.rb:405:in `__run_callback'
  activesupport (3.2.22) lib/active_support/callbacks.rb:385:in `_run_process_action_callbacks'
  activesupport (3.2.22) lib/active_support/callbacks.rb:81:in `run_callbacks'
  actionpack (3.2.22) lib/abstract_controller/callbacks.rb:17:in `process_action'
  actionpack (3.2.22) lib/action_controller/metal/rescue.rb:29:in `process_action'
  actionpack (3.2.22) lib/action_controller/metal/instrumentation.rb:30:in `block in process_action'
  activesupport (3.2.22) lib/active_support/notifications.rb:123:in `block in instrument'
  activesupport (3.2.22) lib/active_support/notifications/instrumenter.rb:20:in `instrument'
  activesupport (3.2.22) lib/active_support/notifications.rb:123:in `instrument'
  actionpack (3.2.22) lib/action_controller/metal/instrumentation.rb:29:in `process_action'
  actionpack (3.2.22) lib/action_controller/metal/params_wrapper.rb:207:in `process_action'
  activerecord (3.2.22) lib/active_record/railties/controller_runtime.rb:18:in `process_action'
  actionpack (3.2.22) lib/abstract_controller/base.rb:121:in `process'
  actionpack (3.2.22) lib/abstract_controller/rendering.rb:45:in `process'
  actionpack (3.2.22) lib/action_controller/metal.rb:203:in `dispatch'
  actionpack (3.2.22) lib/action_controller/metal/rack_delegation.rb:14:in `dispatch'
  actionpack (3.2.22) lib/action_controller/metal.rb:246:in `block in action'
  actionpack (3.2.22) lib/action_dispatch/routing/route_set.rb:73:in `dispatch'
  actionpack (3.2.22) lib/action_dispatch/routing/route_set.rb:36:in `call'
  actionpack (3.2.22) lib/action_dispatch/routing/mapper.rb:43:in `call'
  journey (1.0.4) lib/journey/router.rb:68:in `block in call'
  journey (1.0.4) lib/journey/router.rb:56:in `each'
  journey (1.0.4) lib/journey/router.rb:56:in `call'
  actionpack (3.2.22) lib/action_dispatch/routing/route_set.rb:608:in `call'
  warden (1.2.7) lib/warden/manager.rb:36:in `block in call'
  warden (1.2.7) lib/warden/manager.rb:35:in `catch'
  warden (1.2.7) lib/warden/manager.rb:35:in `call'
  actionpack (3.2.22) lib/action_dispatch/middleware/best_standards_support.rb:17:in `call'
  rack (1.4.7) lib/rack/etag.rb:23:in `call'
  rack (1.4.7) lib/rack/conditionalget.rb:35:in `call'
  actionpack (3.2.22) lib/action_dispatch/middleware/head.rb:14:in `call'
  actionpack (3.2.22) lib/action_dispatch/middleware/params_parser.rb:21:in `call'
  actionpack (3.2.22) lib/action_dispatch/middleware/flash.rb:242:in `call'
  rack (1.4.7) lib/rack/session/abstract/id.rb:210:in `context'
  rack (1.4.7) lib/rack/session/abstract/id.rb:205:in `call'
  actionpack (3.2.22) lib/action_dispatch/middleware/cookies.rb:341:in `call'
  activerecord (3.2.22) lib/active_record/query_cache.rb:64:in `call'
  activerecord (3.2.22) lib/active_record/connection_adapters/abstract/connection_pool.rb:479:in `call'
  actionpack (3.2.22) lib/action_dispatch/middleware/callbacks.rb:28:in `block in call'
  activesupport (3.2.22) lib/active_support/callbacks.rb:405:in `_run__40744413807037110__call__2299270449598614857__callbacks'
  activesupport (3.2.22) lib/active_support/callbacks.rb:405:in `__run_callback'
  activesupport (3.2.22) lib/active_support/callbacks.rb:385:in `_run_call_callbacks'
  activesupport (3.2.22) lib/active_support/callbacks.rb:81:in `run_callbacks'
  actionpack (3.2.22) lib/action_dispatch/middleware/callbacks.rb:27:in `call'
  actionpack (3.2.22) lib/action_dispatch/middleware/reloader.rb:65:in `call'
  actionpack (3.2.22) lib/action_dispatch/middleware/remote_ip.rb:31:in `call'
  actionpack (3.2.22) lib/action_dispatch/middleware/debug_exceptions.rb:16:in `call'
  actionpack (3.2.22) lib/action_dispatch/middleware/show_exceptions.rb:56:in `call'
  railties (3.2.22) lib/rails/rack/logger.rb:32:in `call_app'
  railties (3.2.22) lib/rails/rack/logger.rb:16:in `block in call'
  activesupport (3.2.22) lib/active_support/tagged_logging.rb:22:in `tagged'
  railties (3.2.22) lib/rails/rack/logger.rb:16:in `call'
  actionpack (3.2.22) lib/action_dispatch/middleware/request_id.rb:22:in `call'
  rack (1.4.7) lib/rack/methodoverride.rb:21:in `call'
  rack (1.4.7) lib/rack/runtime.rb:17:in `call'
  activesupport (3.2.22) lib/active_support/cache/strategy/local_cache.rb:72:in `call'
  rack (1.4.7) lib/rack/lock.rb:15:in `call'
  actionpack (3.2.22) lib/action_dispatch/middleware/static.rb:83:in `call'
  railties (3.2.22) lib/rails/engine.rb:484:in `call'
  railties (3.2.22) lib/rails/application.rb:231:in `call'
  rack (1.4.7) lib/rack/content_length.rb:14:in `call'
  railties (3.2.22) lib/rails/rack/log_tailer.rb:17:in `call'
  rack (1.4.7) lib/rack/handler/webrick.rb:59:in `service'
  /Users/alicetzou/.rvm/rubies/ruby-2.3.1/lib/ruby/2.3.0/webrick/httpserver.rb:140:in `service'
  /Users/alicetzou/.rvm/rubies/ruby-2.3.1/lib/ruby/2.3.0/webrick/httpserver.rb:96:in `run'
  /Users/alicetzou/.rvm/rubies/ruby-2.3.1/lib/ruby/2.3.0/webrick/server.rb:296:in `block in start_thread'


  Rendered /Users/alicetzou/.rvm/gems/ruby-2.3.1/gems/actionpack-3.2.22/lib/action_dispatch/middleware/templates/rescues/_trace.erb (1.1ms)
  Rendered /Users/alicetzou/.rvm/gems/ruby-2.3.1/gems/actionpack-3.2.22/lib/action_dispatch/middleware/templates/rescues/_request_and_response.erb (1.8ms)
  Rendered /Users/alicetzou/.rvm/gems/ruby-2.3.1/gems/actionpack-3.2.22/lib/action_dispatch/middleware/templates/rescues/diagnostics.erb within rescues/layout (38.0ms)
Connecting to database specified by database.yml


Started POST "/users" for 127.0.0.1 at 2019-04-06 09:07:47 -0700
Processing by Devise::RegistrationsController#create as HTML
  Parameters: {"utf8"=>"✓", "authenticity_token"=>"/pNkCqPFkwt4qyQOGfJnzMSrdzOcNDu5fN+EcZK6LHY=", "user"=>{"email"=>"awtzou@gmail.com", "password"=>"[FILTERED]", "password_confirmation"=>"[FILTERED]"}, "commit"=>"Sign up"}
  [1m[36m (0.1ms)[0m  [1mBEGIN[0m
  [1m[35mUser Exists (1.6ms)[0m  SELECT 1 AS one FROM "users" WHERE "users"."email" = 'awtzou@gmail.com' LIMIT 1
  [1m[36mUser Load (0.5ms)[0m  [1mSELECT "users".* FROM "users" WHERE "users"."confirmation_token" = '0d29b7db16f07f5a1a65af7d87fd53a42a1fe89261468e8f62ab9e8251f4f9c6' LIMIT 1[0m
  [1m[35mSQL (1.9ms)[0m  INSERT INTO "users" ("confirmation_sent_at", "confirmation_token", "confirmed_at", "created_at", "current_sign_in_at", "current_sign_in_ip", "email", "encrypted_password", "last_sign_in_at", "last_sign_in_ip", "remember_created_at", "reset_password_sent_at", "reset_password_token", "sign_in_count", "unconfirmed_email", "updated_at") VALUES ($1, $2, $3, $4, $5, $6, $7, $8, $9, $10, $11, $12, $13, $14, $15, $16) RETURNING "id"  [["confirmation_sent_at", Sat, 06 Apr 2019 16:07:47 UTC +00:00], ["confirmation_token", "F1Wz3pb-Fsqjsb1Qi59o"], ["confirmed_at", nil], ["created_at", Sat, 06 Apr 2019 16:07:47 UTC +00:00], ["current_sign_in_at", nil], ["current_sign_in_ip", nil], ["email", "awtzou@gmail.com"], ["encrypted_password", "$2a$10$rgQpoSoBK26X0nMXZDwst.1OUUpRjebYju8/jwTBpXx2zkLbSDu42"], ["last_sign_in_at", nil], ["last_sign_in_ip", nil], ["remember_created_at", nil], ["reset_password_sent_at", nil], ["reset_password_token", nil], ["sign_in_count", 0], ["unconfirmed_email", nil], ["updated_at", Sat, 06 Apr 2019 16:07:47 UTC +00:00]]
  Rendered devise/mailer/confirmation_instructions.html.erb (1.5ms)

Sent mail to awtzou@gmail.com (633.9ms)
Date: Sat, 06 Apr 2019 09:07:47 -0700
From: no-reply@mail.com
Reply-To: no-reply@mail.com
To: awtzou@gmail.com
Message-ID: <5ca8ced3d9b61_2f733ff5d4568d1c808dc@Alices-iMac.local.mail>
Subject: Confirmation instructions
Mime-Version: 1.0
Content-Type: text/html;
 charset=UTF-8
Content-Transfer-Encoding: 7bit

<p>Welcome awtzou@gmail.com!</p>

<p>You can confirm your account email through the link below:</p>

<p><a href="http://localhost:3000/users/confirmation?confirmation_token=F1Wz3pb-Fsqjsb1Qi59o">Confirm my account</a></p>

  [1m[36m (0.3ms)[0m  [1mROLLBACK[0m
Completed 500 Internal Server Error in 1275.1ms

Net::SMTPAuthenticationError (535-5.7.8 Username and Password not accepted. Learn more at
):
  /Users/alicetzou/.rvm/rubies/ruby-2.3.1/lib/ruby/2.3.0/net/smtp.rb:977:in `check_auth_response'
  /Users/alicetzou/.rvm/rubies/ruby-2.3.1/lib/ruby/2.3.0/net/smtp.rb:741:in `auth_plain'
  /Users/alicetzou/.rvm/rubies/ruby-2.3.1/lib/ruby/2.3.0/net/smtp.rb:733:in `authenticate'
  /Users/alicetzou/.rvm/rubies/ruby-2.3.1/lib/ruby/2.3.0/net/smtp.rb:568:in `do_start'
  /Users/alicetzou/.rvm/rubies/ruby-2.3.1/lib/ruby/2.3.0/net/smtp.rb:521:in `start'
  mail (2.5.5) lib/mail/network/delivery_methods/smtp.rb:110:in `deliver!'
  mail (2.5.5) lib/mail/message.rb:2129:in `do_delivery'
  mail (2.5.5) lib/mail/message.rb:232:in `block in deliver'
  actionmailer (3.2.22) lib/action_mailer/base.rb:415:in `block in deliver_mail'
  activesupport (3.2.22) lib/active_support/notifications.rb:123:in `block in instrument'
  activesupport (3.2.22) lib/active_support/notifications/instrumenter.rb:20:in `instrument'
  activesupport (3.2.22) lib/active_support/notifications.rb:123:in `instrument'
  actionmailer (3.2.22) lib/action_mailer/base.rb:413:in `deliver_mail'
  mail (2.5.5) lib/mail/message.rb:232:in `deliver'
  devise (3.5.10) lib/devise/models/authenticatable.rb:172:in `send_devise_notification'
  devise (3.5.10) lib/devise/models/confirmable.rb:116:in `send_confirmation_instructions'
  devise (3.5.10) lib/devise/models/confirmable.rb:172:in `send_on_create_confirmation_instructions'
  activesupport (3.2.22) lib/active_support/callbacks.rb:416:in `_run__1112696069635694961__create__2493593362130539916__callbacks'
  activesupport (3.2.22) lib/active_support/callbacks.rb:405:in `__run_callback'
  activesupport (3.2.22) lib/active_support/callbacks.rb:385:in `_run_create_callbacks'
  activesupport (3.2.22) lib/active_support/callbacks.rb:81:in `run_callbacks'
  activerecord (3.2.22) lib/active_record/callbacks.rb:268:in `create'
  activerecord (3.2.22) lib/active_record/persistence.rb:348:in `create_or_update'
  activerecord (3.2.22) lib/active_record/callbacks.rb:264:in `block in create_or_update'
  activesupport (3.2.22) lib/active_support/callbacks.rb:414:in `_run__1112696069635694961__save__2493593362130539916__callbacks'
  activesupport (3.2.22) lib/active_support/callbacks.rb:405:in `__run_callback'
  activesupport (3.2.22) lib/active_support/callbacks.rb:385:in `_run_save_callbacks'
  activesupport (3.2.22) lib/active_support/callbacks.rb:81:in `run_callbacks'
  activerecord (3.2.22) lib/active_record/callbacks.rb:264:in `create_or_update'
  activerecord (3.2.22) lib/active_record/persistence.rb:84:in `save'
  activerecord (3.2.22) lib/active_record/validations.rb:50:in `save'
  activerecord (3.2.22) lib/active_record/attribute_methods/dirty.rb:22:in `save'
  activerecord (3.2.22) lib/active_record/transactions.rb:259:in `block (2 levels) in save'
  activerecord (3.2.22) lib/active_record/transactions.rb:313:in `block in with_transaction_returning_status'
  activerecord (3.2.22) lib/active_record/connection_adapters/abstract/database_statements.rb:192:in `transaction'
  activerecord (3.2.22) lib/active_record/transactions.rb:208:in `transaction'
  activerecord (3.2.22) lib/active_record/transactions.rb:311:in `with_transaction_returning_status'
  activerecord (3.2.22) lib/active_record/transactions.rb:259:in `block in save'
  activerecord (3.2.22) lib/active_record/transactions.rb:270:in `rollback_active_record_state!'
  activerecord (3.2.22) lib/active_record/transactions.rb:258:in `save'
  devise (3.5.10) app/controllers/devise/registrations_controller.rb:17:in `create'
  actionpack (3.2.22) lib/action_controller/metal/implicit_render.rb:4:in `send_action'
  actionpack (3.2.22) lib/abstract_controller/base.rb:167:in `process_action'
  actionpack (3.2.22) lib/action_controller/metal/rendering.rb:10:in `process_action'
  actionpack (3.2.22) lib/abstract_controller/callbacks.rb:18:in `block in process_action'
  activesupport (3.2.22) lib/active_support/callbacks.rb:447:in `_run__4559440212478296944__process_action__1960183907571057707__callbacks'
  activesupport (3.2.22) lib/active_support/callbacks.rb:405:in `__run_callback'
  activesupport (3.2.22) lib/active_support/callbacks.rb:385:in `_run_process_action_callbacks'
  activesupport (3.2.22) lib/active_support/callbacks.rb:81:in `run_callbacks'
  actionpack (3.2.22) lib/abstract_controller/callbacks.rb:17:in `process_action'
  actionpack (3.2.22) lib/action_controller/metal/rescue.rb:29:in `process_action'
  actionpack (3.2.22) lib/action_controller/metal/instrumentation.rb:30:in `block in process_action'
  activesupport (3.2.22) lib/active_support/notifications.rb:123:in `block in instrument'
  activesupport (3.2.22) lib/active_support/notifications/instrumenter.rb:20:in `instrument'
  activesupport (3.2.22) lib/active_support/notifications.rb:123:in `instrument'
  actionpack (3.2.22) lib/action_controller/metal/instrumentation.rb:29:in `process_action'
  actionpack (3.2.22) lib/action_controller/metal/params_wrapper.rb:207:in `process_action'
  activerecord (3.2.22) lib/active_record/railties/controller_runtime.rb:18:in `process_action'
  actionpack (3.2.22) lib/abstract_controller/base.rb:121:in `process'
  actionpack (3.2.22) lib/abstract_controller/rendering.rb:45:in `process'
  actionpack (3.2.22) lib/action_controller/metal.rb:203:in `dispatch'
  actionpack (3.2.22) lib/action_controller/metal/rack_delegation.rb:14:in `dispatch'
  actionpack (3.2.22) lib/action_controller/metal.rb:246:in `block in action'
  actionpack (3.2.22) lib/action_dispatch/routing/route_set.rb:73:in `dispatch'
  actionpack (3.2.22) lib/action_dispatch/routing/route_set.rb:36:in `call'
  actionpack (3.2.22) lib/action_dispatch/routing/mapper.rb:43:in `call'
  journey (1.0.4) lib/journey/router.rb:68:in `block in call'
  journey (1.0.4) lib/journey/router.rb:56:in `each'
  journey (1.0.4) lib/journey/router.rb:56:in `call'
  actionpack (3.2.22) lib/action_dispatch/routing/route_set.rb:608:in `call'
  warden (1.2.7) lib/warden/manager.rb:36:in `block in call'
  warden (1.2.7) lib/warden/manager.rb:35:in `catch'
  warden (1.2.7) lib/warden/manager.rb:35:in `call'
  actionpack (3.2.22) lib/action_dispatch/middleware/best_standards_support.rb:17:in `call'
  rack (1.4.7) lib/rack/etag.rb:23:in `call'
  rack (1.4.7) lib/rack/conditionalget.rb:35:in `call'
  actionpack (3.2.22) lib/action_dispatch/middleware/head.rb:14:in `call'
  actionpack (3.2.22) lib/action_dispatch/middleware/params_parser.rb:21:in `call'
  actionpack (3.2.22) lib/action_dispatch/middleware/flash.rb:242:in `call'
  rack (1.4.7) lib/rack/session/abstract/id.rb:210:in `context'
  rack (1.4.7) lib/rack/session/abstract/id.rb:205:in `call'
  actionpack (3.2.22) lib/action_dispatch/middleware/cookies.rb:341:in `call'
  activerecord (3.2.22) lib/active_record/query_cache.rb:64:in `call'
  activerecord (3.2.22) lib/active_record/connection_adapters/abstract/connection_pool.rb:479:in `call'
  actionpack (3.2.22) lib/action_dispatch/middleware/callbacks.rb:28:in `block in call'
  activesupport (3.2.22) lib/active_support/callbacks.rb:405:in `_run__2954362075629802378__call__2493593362130539916__callbacks'
  activesupport (3.2.22) lib/active_support/callbacks.rb:405:in `__run_callback'
  activesupport (3.2.22) lib/active_support/callbacks.rb:385:in `_run_call_callbacks'
  activesupport (3.2.22) lib/active_support/callbacks.rb:81:in `run_callbacks'
  actionpack (3.2.22) lib/action_dispatch/middleware/callbacks.rb:27:in `call'
  actionpack (3.2.22) lib/action_dispatch/middleware/reloader.rb:65:in `call'
  actionpack (3.2.22) lib/action_dispatch/middleware/remote_ip.rb:31:in `call'
  actionpack (3.2.22) lib/action_dispatch/middleware/debug_exceptions.rb:16:in `call'
  actionpack (3.2.22) lib/action_dispatch/middleware/show_exceptions.rb:56:in `call'
  railties (3.2.22) lib/rails/rack/logger.rb:32:in `call_app'
  railties (3.2.22) lib/rails/rack/logger.rb:16:in `block in call'
  activesupport (3.2.22) lib/active_support/tagged_logging.rb:22:in `tagged'
  railties (3.2.22) lib/rails/rack/logger.rb:16:in `call'
  actionpack (3.2.22) lib/action_dispatch/middleware/request_id.rb:22:in `call'
  rack (1.4.7) lib/rack/methodoverride.rb:21:in `call'
  rack (1.4.7) lib/rack/runtime.rb:17:in `call'
  activesupport (3.2.22) lib/active_support/cache/strategy/local_cache.rb:72:in `call'
  rack (1.4.7) lib/rack/lock.rb:15:in `call'
  actionpack (3.2.22) lib/action_dispatch/middleware/static.rb:83:in `call'
  railties (3.2.22) lib/rails/engine.rb:484:in `call'
  railties (3.2.22) lib/rails/application.rb:231:in `call'
  rack (1.4.7) lib/rack/content_length.rb:14:in `call'
  railties (3.2.22) lib/rails/rack/log_tailer.rb:17:in `call'
  rack (1.4.7) lib/rack/handler/webrick.rb:59:in `service'
  /Users/alicetzou/.rvm/rubies/ruby-2.3.1/lib/ruby/2.3.0/webrick/httpserver.rb:140:in `service'
  /Users/alicetzou/.rvm/rubies/ruby-2.3.1/lib/ruby/2.3.0/webrick/httpserver.rb:96:in `run'
  /Users/alicetzou/.rvm/rubies/ruby-2.3.1/lib/ruby/2.3.0/webrick/server.rb:296:in `block in start_thread'


  Rendered /Users/alicetzou/.rvm/gems/ruby-2.3.1/gems/actionpack-3.2.22/lib/action_dispatch/middleware/templates/rescues/_trace.erb (1.1ms)
  Rendered /Users/alicetzou/.rvm/gems/ruby-2.3.1/gems/actionpack-3.2.22/lib/action_dispatch/middleware/templates/rescues/_request_and_response.erb (1.1ms)
  Rendered /Users/alicetzou/.rvm/gems/ruby-2.3.1/gems/actionpack-3.2.22/lib/action_dispatch/middleware/templates/rescues/diagnostics.erb within rescues/layout (31.8ms)
